<?xml version="1.0" encoding="UTF-8"?>
<!-- Generated by org.testng.reporters.JUnitXMLReporter -->
<testsuite ignored="0" hostname="DESKTOP-RTH7PMT" failures="0" tests="12" name="Default test" time="157.456" errors="0" timestamp="2021-09-10T17:18:29 PKT">
  <testcase classname="ServerAdministration.Permissions" name="verifyDefaultPermissionGroup" time="24.403"/>
  <testcase classname="ServerAdministration.Permissions" name="verifyDeleteDefaultPermissionGroup" time="8.802"/>
  <testcase classname="ServerAdministration.Permissions" name="verifyEditDefaultPermissionGroup" time="8.244"/>
  <testcase classname="ServerAdministration.Permissions" name="verifyViewDefaultPermissionGroup" time="10.125"/>
  <testcase classname="ServerAdministration.Permissions" name="verifyCopyDefaultPermissionGroup" time="10.109"/>
  <testcase classname="ServerAdministration.Permissions" name="verifyAllPermissionsexceptFourEyePrinciple" time="11.248"/>
  <testcase classname="ServerAdministration.Permissions" name="verifyAddNewPermissionGroupwithDescription" time="9.96"/>
  <testcase classname="ServerAdministration.Permissions" name="verifyAddNewPermissionGroup" time="10.072"/>
  <testcase classname="ServerAdministration.Permissions" name="verifyAddNewPermissionGroupwithoutGroupName" time="10.493"/>
  <testcase classname="ServerAdministration.Permissions" name="verifyAddNewPermissionGroupwithmaxLength" time="8.875"/>
  <testcase classname="ServerAdministration.Permissions" name="verifyDeletePermissionGroup" time="13.395"/>
  <testcase classname="ServerAdministration.Permissions" name="ClearPermissionsAfterTest" time="17.953"/>
</testsuite> <!-- Default test -->
