<?xml version="1.0" encoding="UTF-8"?>
<!-- Generated by org.testng.reporters.JUnitXMLReporter -->
<testsuite ignored="0" hostname="DESKTOP-RTH7PMT" failures="1" tests="31" name="Default test" time="612.831" errors="0" timestamp="2021-09-08T18:26:49 PKT">
  <testcase classname="ServerAdministration.ServerPermissions" name="verifyDefaultPermissionGroup" time="12.012"/>
  <testcase classname="ServerAdministration.ServerPermissions" name="verifyDeleteDefaultPermissionGroup" time="17.764"/>
  <testcase classname="ServerAdministration.ServerPermissions" name="verifyEditDefaultPermissionGroup" time="15.999"/>
  <testcase classname="ServerAdministration.ServerPermissions" name="verifyViewDefaultPermissionGroup" time="16.763"/>
  <testcase classname="ServerAdministration.ServerPermissions" name="verifyCopyDefaultPermissionGroup" time="24.714"/>
  <testcase classname="ServerAdministration.ServerPermissions" name="verifyAllPermissionsexceptFourEyePrinciple" time="18.666"/>
  <testcase classname="ServerAdministration.ServerPermissions" name="verifyAddNewPermissionGroupwithDescription" time="17.884"/>
  <testcase classname="ServerAdministration.ServerPermissions" name="verifyAddNewPermissionGroup" time="17.658"/>
  <testcase classname="ServerAdministration.ServerPermissions" name="verifyDeletePermissionGroupotherthanDefaultassignedtoUser" time="20.615"/>
  <testcase classname="ServerAdministration.ServerPermissions" name="verifyAddNewPermissionGroupwithoutGroupName" time="18.859"/>
  <testcase classname="ServerAdministration.ServerPermissions" name="verifyAddNewPermissionGroupwithSpecialCharacters" time="16.817"/>
  <testcase classname="ServerAdministration.ServerPermissions" name="verifyAddNewPermissionGroupwithLength50" time="18.043"/>
  <testcase classname="ServerAdministration.ServerPermissions" name="verifyAddNewPermissionGroupwithmaxLength" time="18.685"/>
  <testcase classname="ServerAdministration.ServerPermissions" name="verifyDeletePermissionGroup" time="20.065"/>
  <testcase classname="ServerAdministration.ServerPermissions" name="verifyPermissionforUserinGroups" time="20.38"/>
  <testcase classname="ServerAdministration.ServerPermissions" name="verifyEnablePermissioncbEnabledwhenViewUsersnotenabled" time="20.846"/>
  <testcase classname="ServerAdministration.ServerPermissions" name="verifyPermissionforNodesinGroup" time="20.27"/>
  <testcase classname="ServerAdministration.ServerPermissions" name="verifyPermissionforPacketizerinGroup" time="17.753"/>
  <testcase classname="ServerAdministration.ServerPermissions" name="verifyPermissionforSIPTrunkinGroup" time="20.485"/>
  <testcase classname="ServerAdministration.ServerPermissions" name="verifyPermissionforTrunkinGroup" time="19.668"/>
  <testcase classname="ServerAdministration.ServerPermissions" name="verifyPermissionforBoardinGroup" time="18.849"/>
  <testcase classname="ServerAdministration.ServerPermissions" name="verifyPermissionforEquipmentinGroup" time="19.912"/>
  <testcase classname="ServerAdministration.ServerPermissions" name="verifyPermissionforStorageSettingsinGroup" time="20.021"/>
  <testcase classname="ServerAdministration.ServerPermissions" name="verifyPermissionforSysteminGroup" time="18.783"/>
  <testcase classname="ServerAdministration.ServerPermissions" name="verifyPermissionforTracesinGroup" time="20.408"/>
  <testcase classname="ServerAdministration.ServerPermissions" name="verifyPermissionforEmailTemplateinGroup" time="21.068"/>
  <testcase classname="ServerAdministration.ServerPermissions" name="verifyPermissionforServerIncidentsinGroup" time="19.639"/>
  <testcase classname="ServerAdministration.ServerPermissions" name="verifyPermissionforBranchinGroup" time="20.532"/>
  <testcase classname="ServerAdministration.ServerPermissions" name="verifyViewServerPermissionAgainstPage" time="19.939"/>
  <testcase classname="ServerAdministration.ServerPermissions" name="verifyViewServerPermissiondisabled" time="21.608"/>
  <testcase classname="ServerAdministration.ServerPermissions" name="ClearPermissionsAfterTest" time="17.659">
    <failure type="org.openqa.selenium.ElementClickInterceptedException" message="Element &amp;lt;a id=&amp;quot;ctl00_ctrl_LeftMenuCloud1_hlnkPermissions&amp;quot; href=&amp;quot;PermissionRole.aspx&amp;quot;&amp;gt; is not clickable at point (104,276) because another element &amp;lt;div id=&amp;quot;Clientloading&amp;quot; class=&amp;quot;LoadingClass&amp;quot;&amp;gt; obscures it
Build info: version: &amp;apos;4.0.0-beta-3&amp;apos;, revision: &amp;apos;5d108f9a67&amp;apos;
System info: host: &amp;apos;DESKTOP-RTH7PMT&amp;apos;, ip: &amp;apos;172.20.12.26&amp;apos;, os.name: &amp;apos;Windows 10&amp;apos;, os.arch: &amp;apos;amd64&amp;apos;, os.version: &amp;apos;10.0&amp;apos;, java.version: &amp;apos;16.0.2&amp;apos;
Driver info: org.openqa.selenium.firefox.FirefoxDriver
Command: [d961833e-b694-4a23-b6b2-ec02b7430323, clickElement {id=9bf6293f-85c6-483b-8083-f711165182ac}]
Capabilities {acceptInsecureCerts: true, browserName: firefox, browserVersion: 91.0.2, javascriptEnabled: true, moz:accessibilityChecks: false, moz:buildID: 20210823123856, moz:debuggerAddress: localhost:55788, moz:geckodriverVersion: 0.29.1, moz:headless: false, moz:processID: 12984, moz:profile: C:\Users\Administrator\AppD..., moz:shutdownTimeout: 60000, moz:useNonSpecCompliantPointerOrigin: false, moz:webdriverClick: true, pageLoadStrategy: normal, platform: WINDOWS, platformName: WINDOWS, platformVersion: 10.0, proxy: Proxy(), se:cdp: ws://localhost:55788/devtoo..., se:cdpVersion: 85, setWindowRect: true, strictFileInteractability: false, timeouts: {implicit: 0, pageLoad: 300000, script: 30000}, unhandledPromptBehavior: dismiss and notify}
Element: [[FirefoxDriver: firefox on WINDOWS (d961833e-b694-4a23-b6b2-ec02b7430323)] -&amp;gt; id: ctl00_ctrl_LeftMenuCloud1_hlnkPermissions]
Session ID: d961833e-b694-4a23-b6b2-ec02b7430323">
      <![CDATA[org.openqa.selenium.ElementClickInterceptedException: Element <a id="ctl00_ctrl_LeftMenuCloud1_hlnkPermissions" href="PermissionRole.aspx"> is not clickable at point (104,276) because another element <div id="Clientloading" class="LoadingClass"> obscures it
Build info: version: '4.0.0-beta-3', revision: '5d108f9a67'
System info: host: 'DESKTOP-RTH7PMT', ip: '172.20.12.26', os.name: 'Windows 10', os.arch: 'amd64', os.version: '10.0', java.version: '16.0.2'
Driver info: org.openqa.selenium.firefox.FirefoxDriver
Command: [d961833e-b694-4a23-b6b2-ec02b7430323, clickElement {id=9bf6293f-85c6-483b-8083-f711165182ac}]
Capabilities {acceptInsecureCerts: true, browserName: firefox, browserVersion: 91.0.2, javascriptEnabled: true, moz:accessibilityChecks: false, moz:buildID: 20210823123856, moz:debuggerAddress: localhost:55788, moz:geckodriverVersion: 0.29.1, moz:headless: false, moz:processID: 12984, moz:profile: C:\Users\Administrator\AppD..., moz:shutdownTimeout: 60000, moz:useNonSpecCompliantPointerOrigin: false, moz:webdriverClick: true, pageLoadStrategy: normal, platform: WINDOWS, platformName: WINDOWS, platformVersion: 10.0, proxy: Proxy(), se:cdp: ws://localhost:55788/devtoo..., se:cdpVersion: 85, setWindowRect: true, strictFileInteractability: false, timeouts: {implicit: 0, pageLoad: 300000, script: 30000}, unhandledPromptBehavior: dismiss and notify}
Element: [[FirefoxDriver: firefox on WINDOWS (d961833e-b694-4a23-b6b2-ec02b7430323)] -> id: ctl00_ctrl_LeftMenuCloud1_hlnkPermissions]
Session ID: d961833e-b694-4a23-b6b2-ec02b7430323
at java.base/jdk.internal.reflect.NativeConstructorAccessorImpl.newInstance0(Native Method)
at java.base/jdk.internal.reflect.NativeConstructorAccessorImpl.newInstance(NativeConstructorAccessorImpl.java:78)
at java.base/jdk.internal.reflect.DelegatingConstructorAccessorImpl.newInstance(DelegatingConstructorAccessorImpl.java:45)
at java.base/java.lang.reflect.Constructor.newInstanceWithCaller(Constructor.java:499)
at java.base/java.lang.reflect.Constructor.newInstance(Constructor.java:480)
at org.openqa.selenium.remote.codec.w3c.W3CHttpResponseCodec.createException(W3CHttpResponseCodec.java:198)
at org.openqa.selenium.remote.codec.w3c.W3CHttpResponseCodec.decode(W3CHttpResponseCodec.java:131)
at org.openqa.selenium.remote.codec.w3c.W3CHttpResponseCodec.decode(W3CHttpResponseCodec.java:52)
at org.openqa.selenium.remote.HttpCommandExecutor.execute(HttpCommandExecutor.java:184)
at org.openqa.selenium.remote.service.DriverCommandExecutor.invokeExecute(DriverCommandExecutor.java:153)
at org.openqa.selenium.remote.service.DriverCommandExecutor.execute(DriverCommandExecutor.java:128)
at org.openqa.selenium.remote.RemoteWebDriver.execute(RemoteWebDriver.java:619)
at org.openqa.selenium.remote.RemoteWebElement.execute(RemoteWebElement.java:237)
at org.openqa.selenium.remote.RemoteWebElement.click(RemoteWebElement.java:75)
at ServerAdministration.ServerPermissions.ClearPermissionsAfterTest(ServerPermissions.java:2457)
at java.base/jdk.internal.reflect.NativeMethodAccessorImpl.invoke0(Native Method)
at java.base/jdk.internal.reflect.NativeMethodAccessorImpl.invoke(NativeMethodAccessorImpl.java:78)
at java.base/jdk.internal.reflect.DelegatingMethodAccessorImpl.invoke(DelegatingMethodAccessorImpl.java:43)
at java.base/java.lang.reflect.Method.invoke(Method.java:567)
at org.testng.internal.MethodInvocationHelper.invokeMethod(MethodInvocationHelper.java:133)
at org.testng.internal.TestInvoker.invokeMethod(TestInvoker.java:598)
at org.testng.internal.TestInvoker.invokeTestMethod(TestInvoker.java:173)
at org.testng.internal.MethodRunner.runInSequence(MethodRunner.java:46)
at org.testng.internal.TestInvoker$MethodInvocationAgent.invoke(TestInvoker.java:824)
at org.testng.internal.TestInvoker.invokeTestMethods(TestInvoker.java:146)
at org.testng.internal.TestMethodWorker.invokeTestMethods(TestMethodWorker.java:146)
at org.testng.internal.TestMethodWorker.run(TestMethodWorker.java:128)
at java.base/java.util.ArrayList.forEach(ArrayList.java:1511)
at org.testng.TestRunner.privateRun(TestRunner.java:794)
at org.testng.TestRunner.run(TestRunner.java:596)
at org.testng.SuiteRunner.runTest(SuiteRunner.java:377)
at org.testng.SuiteRunner.runSequentially(SuiteRunner.java:371)
at org.testng.SuiteRunner.privateRun(SuiteRunner.java:332)
at org.testng.SuiteRunner.run(SuiteRunner.java:276)
at org.testng.SuiteRunnerWorker.runSuite(SuiteRunnerWorker.java:53)
at org.testng.SuiteRunnerWorker.run(SuiteRunnerWorker.java:96)
at org.testng.TestNG.runSuitesSequentially(TestNG.java:1212)
at org.testng.TestNG.runSuitesLocally(TestNG.java:1134)
at org.testng.TestNG.runSuites(TestNG.java:1063)
at org.testng.TestNG.run(TestNG.java:1031)
at org.testng.remote.AbstractRemoteTestNG.run(AbstractRemoteTestNG.java:115)
at org.testng.remote.RemoteTestNG.initAndRun(RemoteTestNG.java:251)
at org.testng.remote.RemoteTestNG.main(RemoteTestNG.java:77)
]]>
    </failure>
  </testcase> <!-- ClearPermissionsAfterTest -->
</testsuite> <!-- Default test -->
