<?xml version="1.0" encoding="UTF-8"?>
<testng-results ignored="0" total="11" passed="11" failed="0" skipped="0">
  <reporter-output>
  </reporter-output>
  <suite started-at="2021-09-09T18:35:44 PKT" name="Default suite" finished-at="2021-09-09T18:37:55 PKT" duration-ms="130684">
    <groups>
    </groups>
    <test started-at="2021-09-09T18:35:44 PKT" name="Default test" finished-at="2021-09-09T18:37:55 PKT" duration-ms="130684">
      <class name="ServerAdministration.Permissions">
        <test-method is-config="true" signature="beforeTest()[pri:0, instance:ServerAdministration.Permissions@35cabb2a]" started-at="2021-09-09T18:35:44 PKT" name="beforeTest" finished-at="2021-09-09T18:35:54 PKT" duration-ms="9868" status="PASS">
          <reporter-output>
          </reporter-output>
        </test-method> <!-- beforeTest -->
        <test-method signature="verifyDefaultPermissionGroup()[pri:0, instance:ServerAdministration.Permissions@35cabb2a]" started-at="2021-09-09T18:35:54 PKT" name="verifyDefaultPermissionGroup" finished-at="2021-09-09T18:36:12 PKT" duration-ms="17793" status="PASS">
          <reporter-output>
          </reporter-output>
        </test-method> <!-- verifyDefaultPermissionGroup -->
        <test-method signature="verifyDeleteDefaultPermissionGroup()[pri:1, instance:ServerAdministration.Permissions@35cabb2a]" started-at="2021-09-09T18:36:12 PKT" name="verifyDeleteDefaultPermissionGroup" finished-at="2021-09-09T18:36:21 PKT" duration-ms="9207" status="PASS">
          <reporter-output>
          </reporter-output>
        </test-method> <!-- verifyDeleteDefaultPermissionGroup -->
        <test-method signature="verifyEditDefaultPermissionGroup()[pri:2, instance:ServerAdministration.Permissions@35cabb2a]" started-at="2021-09-09T18:36:21 PKT" name="verifyEditDefaultPermissionGroup" finished-at="2021-09-09T18:36:29 PKT" duration-ms="8144" status="PASS">
          <reporter-output>
          </reporter-output>
        </test-method> <!-- verifyEditDefaultPermissionGroup -->
        <test-method signature="verifyViewDefaultPermissionGroup()[pri:3, instance:ServerAdministration.Permissions@35cabb2a]" started-at="2021-09-09T18:36:29 PKT" name="verifyViewDefaultPermissionGroup" finished-at="2021-09-09T18:36:39 PKT" duration-ms="9599" status="PASS">
          <reporter-output>
          </reporter-output>
        </test-method> <!-- verifyViewDefaultPermissionGroup -->
        <test-method signature="verifyCopyDefaultPermissionGroup()[pri:4, instance:ServerAdministration.Permissions@35cabb2a]" started-at="2021-09-09T18:36:39 PKT" name="verifyCopyDefaultPermissionGroup" finished-at="2021-09-09T18:36:49 PKT" duration-ms="10171" status="PASS">
          <reporter-output>
          </reporter-output>
        </test-method> <!-- verifyCopyDefaultPermissionGroup -->
        <test-method signature="verifyAllPermissionsexceptFourEyePrinciple()[pri:5, instance:ServerAdministration.Permissions@35cabb2a]" started-at="2021-09-09T18:36:49 PKT" name="verifyAllPermissionsexceptFourEyePrinciple" finished-at="2021-09-09T18:37:00 PKT" duration-ms="10949" status="PASS">
          <reporter-output>
          </reporter-output>
        </test-method> <!-- verifyAllPermissionsexceptFourEyePrinciple -->
        <test-method signature="verifyAddNewPermissionGroupwithDescription()[pri:6, instance:ServerAdministration.Permissions@35cabb2a]" started-at="2021-09-09T18:37:00 PKT" name="verifyAddNewPermissionGroupwithDescription" finished-at="2021-09-09T18:37:10 PKT" duration-ms="9625" status="PASS">
          <reporter-output>
          </reporter-output>
        </test-method> <!-- verifyAddNewPermissionGroupwithDescription -->
        <test-method signature="verifyAddNewPermissionGroup()[pri:7, instance:ServerAdministration.Permissions@35cabb2a]" started-at="2021-09-09T18:37:10 PKT" name="verifyAddNewPermissionGroup" finished-at="2021-09-09T18:37:20 PKT" duration-ms="10096" status="PASS">
          <reporter-output>
          </reporter-output>
        </test-method> <!-- verifyAddNewPermissionGroup -->
        <test-method signature="verifyAddNewPermissionGroupwithoutGroupName()[pri:9, instance:ServerAdministration.Permissions@35cabb2a]" started-at="2021-09-09T18:37:20 PKT" name="verifyAddNewPermissionGroupwithoutGroupName" finished-at="2021-09-09T18:37:30 PKT" duration-ms="10434" status="PASS">
          <reporter-output>
          </reporter-output>
        </test-method> <!-- verifyAddNewPermissionGroupwithoutGroupName -->
        <test-method signature="verifyAddNewPermissionGroupwithmaxLength()[pri:13, instance:ServerAdministration.Permissions@35cabb2a]" started-at="2021-09-09T18:37:30 PKT" name="verifyAddNewPermissionGroupwithmaxLength" finished-at="2021-09-09T18:37:39 PKT" duration-ms="8748" status="PASS">
          <reporter-output>
          </reporter-output>
        </test-method> <!-- verifyAddNewPermissionGroupwithmaxLength -->
        <test-method signature="verifyDeletePermissionGroup()[pri:14, instance:ServerAdministration.Permissions@35cabb2a]" started-at="2021-09-09T18:37:39 PKT" name="verifyDeletePermissionGroup" finished-at="2021-09-09T18:37:52 PKT" duration-ms="12799" status="PASS">
          <reporter-output>
          </reporter-output>
        </test-method> <!-- verifyDeletePermissionGroup -->
        <test-method is-config="true" signature="afterTest()[pri:0, instance:ServerAdministration.Permissions@35cabb2a]" started-at="2021-09-09T18:37:52 PKT" name="afterTest" finished-at="2021-09-09T18:37:55 PKT" duration-ms="3061" status="PASS">
          <reporter-output>
          </reporter-output>
        </test-method> <!-- afterTest -->
      </class> <!-- ServerAdministration.Permissions -->
    </test> <!-- Default test -->
  </suite> <!-- Default suite -->
</testng-results>
