<?xml version="1.0" encoding="UTF-8"?>
<testng-results ignored="0" total="1" passed="0" failed="1" skipped="0">
  <reporter-output>
  </reporter-output>
  <suite started-at="2021-10-11T18:15:44 PKT" name="Default suite" finished-at="2021-10-11T18:16:31 PKT" duration-ms="47765">
    <groups>
    </groups>
    <test started-at="2021-10-11T18:15:44 PKT" name="Default test" finished-at="2021-10-11T18:16:31 PKT" duration-ms="47765">
      <class name="SiteAdministration.SiteCall_Flags">
        <test-method is-config="true" signature="setUpTest()[pri:0, instance:SiteAdministration.SiteCall_Flags@44ebcd03]" started-at="2021-10-11T18:15:44 PKT" name="setUpTest" finished-at="2021-10-11T18:15:51 PKT" duration-ms="6850" status="PASS">
          <reporter-output>
          </reporter-output>
        </test-method> <!-- setUpTest -->
        <test-method signature="AddCallFlagToCall()[pri:0, instance:SiteAdministration.SiteCall_Flags@44ebcd03]" started-at="2021-10-11T18:15:51 PKT" name="AddCallFlagToCall" finished-at="2021-10-11T18:16:31 PKT" duration-ms="40857" status="FAIL">
          <exception class="org.openqa.selenium.TimeoutException">
            <message>
              <![CDATA[Expected condition failed: waiting for visibility of element located by By.id: ImgFlg_NaN_8 (tried for 30 second(s) with 500 milliseconds interval)
Build info: version: '4.0.0-beta-3', revision: '5d108f9a67'
System info: host: 'DESKTOP-RTH7PMT', ip: '172.20.12.26', os.name: 'Windows 10', os.arch: 'amd64', os.version: '10.0', java.version: '16.0.2'
Driver info: org.openqa.selenium.firefox.FirefoxDriver
Capabilities {acceptInsecureCerts: true, browserName: firefox, browserVersion: 91.0.2, javascriptEnabled: true, moz:accessibilityChecks: false, moz:buildID: 20210823123856, moz:debuggerAddress: localhost:56567, moz:geckodriverVersion: 0.29.1, moz:headless: false, moz:processID: 3672, moz:profile: C:\Users\Administrator\AppD..., moz:shutdownTimeout: 60000, moz:useNonSpecCompliantPointerOrigin: false, moz:webdriverClick: true, pageLoadStrategy: normal, platform: WINDOWS, platformName: WINDOWS, platformVersion: 10.0, proxy: Proxy(), se:cdp: ws://localhost:56567/devtoo..., se:cdpVersion: 85, setWindowRect: true, strictFileInteractability: false, timeouts: {implicit: 0, pageLoad: 300000, script: 30000}, unhandledPromptBehavior: dismiss and notify}
Session ID: fd856dda-ed25-4e0c-bab3-9311356de683]]>
            </message>
            <full-stacktrace>
              <![CDATA[org.openqa.selenium.TimeoutException: Expected condition failed: waiting for visibility of element located by By.id: ImgFlg_NaN_8 (tried for 30 second(s) with 500 milliseconds interval)
Build info: version: '4.0.0-beta-3', revision: '5d108f9a67'
System info: host: 'DESKTOP-RTH7PMT', ip: '172.20.12.26', os.name: 'Windows 10', os.arch: 'amd64', os.version: '10.0', java.version: '16.0.2'
Driver info: org.openqa.selenium.firefox.FirefoxDriver
Capabilities {acceptInsecureCerts: true, browserName: firefox, browserVersion: 91.0.2, javascriptEnabled: true, moz:accessibilityChecks: false, moz:buildID: 20210823123856, moz:debuggerAddress: localhost:56567, moz:geckodriverVersion: 0.29.1, moz:headless: false, moz:processID: 3672, moz:profile: C:\Users\Administrator\AppD..., moz:shutdownTimeout: 60000, moz:useNonSpecCompliantPointerOrigin: false, moz:webdriverClick: true, pageLoadStrategy: normal, platform: WINDOWS, platformName: WINDOWS, platformVersion: 10.0, proxy: Proxy(), se:cdp: ws://localhost:56567/devtoo..., se:cdpVersion: 85, setWindowRect: true, strictFileInteractability: false, timeouts: {implicit: 0, pageLoad: 300000, script: 30000}, unhandledPromptBehavior: dismiss and notify}
Session ID: fd856dda-ed25-4e0c-bab3-9311356de683
at org.openqa.selenium.support.ui.WebDriverWait.timeoutException(WebDriverWait.java:138)
at org.openqa.selenium.support.ui.FluentWait.until(FluentWait.java:231)
at SiteAdministration.SiteCall_Flags.AddCallFlagToCall(SiteCall_Flags.java:80)
at java.base/jdk.internal.reflect.NativeMethodAccessorImpl.invoke0(Native Method)
at java.base/jdk.internal.reflect.NativeMethodAccessorImpl.invoke(NativeMethodAccessorImpl.java:78)
at java.base/jdk.internal.reflect.DelegatingMethodAccessorImpl.invoke(DelegatingMethodAccessorImpl.java:43)
at java.base/java.lang.reflect.Method.invoke(Method.java:567)
at org.testng.internal.MethodInvocationHelper.invokeMethod(MethodInvocationHelper.java:133)
at org.testng.internal.TestInvoker.invokeMethod(TestInvoker.java:598)
at org.testng.internal.TestInvoker.invokeTestMethod(TestInvoker.java:173)
at org.testng.internal.MethodRunner.runInSequence(MethodRunner.java:46)
at org.testng.internal.TestInvoker$MethodInvocationAgent.invoke(TestInvoker.java:824)
at org.testng.internal.TestInvoker.invokeTestMethods(TestInvoker.java:146)
at org.testng.internal.TestMethodWorker.invokeTestMethods(TestMethodWorker.java:146)
at org.testng.internal.TestMethodWorker.run(TestMethodWorker.java:128)
at java.base/java.util.ArrayList.forEach(ArrayList.java:1511)
at org.testng.TestRunner.privateRun(TestRunner.java:794)
at org.testng.TestRunner.run(TestRunner.java:596)
at org.testng.SuiteRunner.runTest(SuiteRunner.java:377)
at org.testng.SuiteRunner.runSequentially(SuiteRunner.java:371)
at org.testng.SuiteRunner.privateRun(SuiteRunner.java:332)
at org.testng.SuiteRunner.run(SuiteRunner.java:276)
at org.testng.SuiteRunnerWorker.runSuite(SuiteRunnerWorker.java:53)
at org.testng.SuiteRunnerWorker.run(SuiteRunnerWorker.java:96)
at org.testng.TestNG.runSuitesSequentially(TestNG.java:1212)
at org.testng.TestNG.runSuitesLocally(TestNG.java:1134)
at org.testng.TestNG.runSuites(TestNG.java:1063)
at org.testng.TestNG.run(TestNG.java:1031)
at org.testng.remote.AbstractRemoteTestNG.run(AbstractRemoteTestNG.java:115)
at org.testng.remote.RemoteTestNG.initAndRun(RemoteTestNG.java:251)
at org.testng.remote.RemoteTestNG.main(RemoteTestNG.java:77)
]]>
            </full-stacktrace>
          </exception> <!-- org.openqa.selenium.TimeoutException -->
          <reporter-output>
          </reporter-output>
        </test-method> <!-- AddCallFlagToCall -->
        <test-method is-config="true" signature="tearDownTest()[pri:0, instance:SiteAdministration.SiteCall_Flags@44ebcd03]" started-at="2021-10-11T18:16:31 PKT" name="tearDownTest" finished-at="2021-10-11T18:16:31 PKT" duration-ms="1" status="PASS">
          <reporter-output>
          </reporter-output>
        </test-method> <!-- tearDownTest -->
      </class> <!-- SiteAdministration.SiteCall_Flags -->
    </test> <!-- Default test -->
  </suite> <!-- Default suite -->
</testng-results>
