<?xml version="1.0" encoding="UTF-8"?>
<testng-results ignored="0" total="1" passed="1" failed="0" skipped="0">
  <reporter-output>
  </reporter-output>
  <suite started-at="2021-09-16T18:19:33 PKT" name="Default suite" finished-at="2021-09-16T18:20:05 PKT" duration-ms="31548">
    <groups>
    </groups>
    <test started-at="2021-09-16T18:19:33 PKT" name="Default test" finished-at="2021-09-16T18:20:05 PKT" duration-ms="31548">
      <class name="SiteAdministration.CallSearch">
        <test-method is-config="true" signature="beforeTest()[pri:0, instance:SiteAdministration.CallSearch@dd8ba08]" started-at="2021-09-16T18:19:33 PKT" name="beforeTest" finished-at="2021-09-16T18:19:43 PKT" duration-ms="9913" status="PASS">
          <reporter-output>
          </reporter-output>
        </test-method> <!-- beforeTest -->
        <test-method signature="f()[pri:0, instance:SiteAdministration.CallSearch@dd8ba08]" started-at="2021-09-16T18:19:43 PKT" name="f" finished-at="2021-09-16T18:20:05 PKT" duration-ms="21230" status="PASS">
          <reporter-output>
          </reporter-output>
        </test-method> <!-- f -->
      </class> <!-- SiteAdministration.CallSearch -->
    </test> <!-- Default test -->
  </suite> <!-- Default suite -->
</testng-results>
