<?xml version="1.0" encoding="UTF-8"?>
<testng-results ignored="0" total="1" passed="1" failed="0" skipped="0">
  <reporter-output>
  </reporter-output>
  <suite started-at="2021-10-01T16:12:02 PKT" name="Default suite" finished-at="2021-10-01T16:12:23 PKT" duration-ms="21597">
    <groups>
    </groups>
    <test started-at="2021-10-01T16:12:02 PKT" name="Default test" finished-at="2021-10-01T16:12:23 PKT" duration-ms="21597">
      <class name="SiteAdministration.CallSearch">
        <test-method is-config="true" signature="beforeTest()[pri:0, instance:SiteAdministration.CallSearch@6c64cb25]" started-at="2021-10-01T16:12:02 PKT" name="beforeTest" finished-at="2021-10-01T16:12:08 PKT" duration-ms="6231" status="PASS">
          <reporter-output>
          </reporter-output>
        </test-method> <!-- beforeTest -->
        <test-method signature="f()[pri:0, instance:SiteAdministration.CallSearch@6c64cb25]" started-at="2021-10-01T16:12:08 PKT" name="f" finished-at="2021-10-01T16:12:21 PKT" duration-ms="12984" status="PASS">
          <reporter-output>
          </reporter-output>
        </test-method> <!-- f -->
        <test-method is-config="true" signature="afterTest()[pri:0, instance:SiteAdministration.CallSearch@6c64cb25]" started-at="2021-10-01T16:12:21 PKT" name="afterTest" finished-at="2021-10-01T16:12:23 PKT" duration-ms="2122" status="PASS">
          <reporter-output>
          </reporter-output>
        </test-method> <!-- afterTest -->
      </class> <!-- SiteAdministration.CallSearch -->
    </test> <!-- Default test -->
  </suite> <!-- Default suite -->
</testng-results>
