<?xml version="1.0" encoding="UTF-8"?>
<testng-results ignored="0" total="1" passed="1" failed="0" skipped="0">
  <reporter-output>
  </reporter-output>
  <suite started-at="2021-09-30T14:31:11 PKT" name="Default suite" finished-at="2021-09-30T14:31:32 PKT" duration-ms="20197">
    <groups>
    </groups>
    <test started-at="2021-09-30T14:31:11 PKT" name="Default test" finished-at="2021-09-30T14:31:32 PKT" duration-ms="20197">
      <class name="SiteAdministration.CallSearch">
        <test-method is-config="true" signature="beforeTest()[pri:0, instance:SiteAdministration.CallSearch@6c64cb25]" started-at="2021-09-30T14:31:11 PKT" name="beforeTest" finished-at="2021-09-30T14:31:18 PKT" duration-ms="7004" status="PASS">
          <reporter-output>
          </reporter-output>
        </test-method> <!-- beforeTest -->
        <test-method signature="f()[pri:0, instance:SiteAdministration.CallSearch@6c64cb25]" started-at="2021-09-30T14:31:19 PKT" name="f" finished-at="2021-09-30T14:31:29 PKT" duration-ms="10385" status="PASS">
          <reporter-output>
          </reporter-output>
        </test-method> <!-- f -->
        <test-method is-config="true" signature="afterTest()[pri:0, instance:SiteAdministration.CallSearch@6c64cb25]" started-at="2021-09-30T14:31:29 PKT" name="afterTest" finished-at="2021-09-30T14:31:32 PKT" duration-ms="2515" status="PASS">
          <reporter-output>
          </reporter-output>
        </test-method> <!-- afterTest -->
      </class> <!-- SiteAdministration.CallSearch -->
    </test> <!-- Default test -->
  </suite> <!-- Default suite -->
</testng-results>
