<?xml version="1.0" encoding="UTF-8"?>
<testng-results ignored="0" total="1" passed="1" failed="0" skipped="0">
  <reporter-output>
  </reporter-output>
  <suite started-at="2021-09-14T15:50:09 PKT" name="Default suite" finished-at="2021-09-14T15:50:52 PKT" duration-ms="42736">
    <groups>
    </groups>
    <test started-at="2021-09-14T15:50:09 PKT" name="Default test" finished-at="2021-09-14T15:50:52 PKT" duration-ms="42736">
      <class name="SiteAdministration.SitePermissions">
        <test-method is-config="true" signature="beforeTest()[pri:0, instance:SiteAdministration.SitePermissions@dd8ba08]" started-at="2021-09-14T15:50:09 PKT" name="beforeTest" finished-at="2021-09-14T15:50:18 PKT" duration-ms="8882" status="PASS">
          <reporter-output>
          </reporter-output>
        </test-method> <!-- beforeTest -->
        <test-method signature="verifyDefaultPermissionGroup()[pri:0, instance:SiteAdministration.SitePermissions@dd8ba08]" started-at="2021-09-14T15:50:18 PKT" name="verifyDefaultPermissionGroup" finished-at="2021-09-14T15:50:52 PKT" duration-ms="33520" status="PASS">
          <reporter-output>
          </reporter-output>
        </test-method> <!-- verifyDefaultPermissionGroup -->
      </class> <!-- SiteAdministration.SitePermissions -->
    </test> <!-- Default test -->
  </suite> <!-- Default suite -->
</testng-results>
