<?xml version="1.0" encoding="UTF-8"?>
<testng-results ignored="0" total="1" passed="1" failed="0" skipped="0">
  <reporter-output>
  </reporter-output>
  <suite started-at="2021-10-20T17:57:39 PKT" name="Default suite" finished-at="2021-10-20T17:58:05 PKT" duration-ms="26413">
    <groups>
    </groups>
    <test started-at="2021-10-20T17:57:39 PKT" name="Default test" finished-at="2021-10-20T17:58:05 PKT" duration-ms="26413">
      <class name="ServerAdministration.NewTestPage">
        <test-method is-config="true" signature="beforeTest()[pri:0, instance:ServerAdministration.NewTestPage@6c64cb25]" started-at="2021-10-20T17:57:39 PKT" name="beforeTest" finished-at="2021-10-20T17:57:47 PKT" duration-ms="8644" status="PASS">
          <reporter-output>
          </reporter-output>
        </test-method> <!-- beforeTest -->
        <test-method signature="VerificationOfAddAgentButton()[pri:0, instance:ServerAdministration.NewTestPage@6c64cb25]" started-at="2021-10-20T17:57:47 PKT" name="VerificationOfAddAgentButton" finished-at="2021-10-20T17:58:03 PKT" duration-ms="15461" status="PASS">
          <reporter-output>
          </reporter-output>
        </test-method> <!-- VerificationOfAddAgentButton -->
        <test-method is-config="true" signature="afterTest()[pri:0, instance:ServerAdministration.NewTestPage@6c64cb25]" started-at="2021-10-20T17:58:03 PKT" name="afterTest" finished-at="2021-10-20T17:58:05 PKT" duration-ms="2170" status="PASS">
          <reporter-output>
          </reporter-output>
        </test-method> <!-- afterTest -->
      </class> <!-- ServerAdministration.NewTestPage -->
    </test> <!-- Default test -->
  </suite> <!-- Default suite -->
</testng-results>
