<?xml version="1.0" encoding="UTF-8"?>
<testng-results ignored="0" total="1" passed="1" failed="0" skipped="0">
  <reporter-output>
  </reporter-output>
  <suite started-at="2021-10-21T23:44:30 PKT" name="Default suite" finished-at="2021-10-21T23:45:32 PKT" duration-ms="62347">
    <groups>
    </groups>
    <test started-at="2021-10-21T23:44:30 PKT" name="Default test" finished-at="2021-10-21T23:45:32 PKT" duration-ms="62347">
      <class name="SiteAdministration.Site_Agent_Management">
        <test-method is-config="true" signature="setUpTest()[pri:0, instance:SiteAdministration.Site_Agent_Management@6c64cb25]" started-at="2021-10-21T23:44:30 PKT" name="setUpTest" finished-at="2021-10-21T23:44:49 PKT" duration-ms="18993" status="PASS">
          <reporter-output>
          </reporter-output>
        </test-method> <!-- setUpTest -->
        <test-method signature="VerifyAddAgent()[pri:1, instance:SiteAdministration.Site_Agent_Management@6c64cb25]" started-at="2021-10-21T23:44:49 PKT" name="VerifyAddAgent" finished-at="2021-10-21T23:45:29 PKT" duration-ms="39824" status="PASS">
          <reporter-output>
          </reporter-output>
        </test-method> <!-- VerifyAddAgent -->
        <test-method is-config="true" signature="tearDownTest()[pri:0, instance:SiteAdministration.Site_Agent_Management@6c64cb25]" started-at="2021-10-21T23:45:29 PKT" name="tearDownTest" finished-at="2021-10-21T23:45:32 PKT" duration-ms="2935" status="PASS">
          <reporter-output>
          </reporter-output>
        </test-method> <!-- tearDownTest -->
      </class> <!-- SiteAdministration.Site_Agent_Management -->
    </test> <!-- Default test -->
  </suite> <!-- Default suite -->
</testng-results>
