<?xml version="1.0" encoding="UTF-8"?>
<testng-results ignored="0" total="31" passed="30" failed="1" skipped="0">
  <reporter-output>
  </reporter-output>
  <suite started-at="2021-09-08T18:16:36 PKT" name="Default suite" finished-at="2021-09-08T18:26:48 PKT" duration-ms="612831">
    <groups>
    </groups>
    <test started-at="2021-09-08T18:16:36 PKT" name="Default test" finished-at="2021-09-08T18:26:48 PKT" duration-ms="612831">
      <class name="ServerAdministration.ServerPermissions">
        <test-method is-config="true" signature="beforeTest()[pri:0, instance:ServerAdministration.ServerPermissions@6c64cb25]" started-at="2021-09-08T18:16:36 PKT" name="beforeTest" finished-at="2021-09-08T18:16:45 PKT" duration-ms="8994" status="PASS">
          <reporter-output>
          </reporter-output>
        </test-method> <!-- beforeTest -->
        <test-method signature="verifyDefaultPermissionGroup()[pri:0, instance:ServerAdministration.ServerPermissions@6c64cb25]" started-at="2021-09-08T18:16:45 PKT" name="verifyDefaultPermissionGroup" finished-at="2021-09-08T18:16:57 PKT" duration-ms="12012" status="PASS">
          <reporter-output>
          </reporter-output>
        </test-method> <!-- verifyDefaultPermissionGroup -->
        <test-method signature="verifyDeleteDefaultPermissionGroup()[pri:1, instance:ServerAdministration.ServerPermissions@6c64cb25]" started-at="2021-09-08T18:16:57 PKT" name="verifyDeleteDefaultPermissionGroup" finished-at="2021-09-08T18:17:15 PKT" duration-ms="17764" status="PASS">
          <reporter-output>
          </reporter-output>
        </test-method> <!-- verifyDeleteDefaultPermissionGroup -->
        <test-method signature="verifyEditDefaultPermissionGroup()[pri:2, instance:ServerAdministration.ServerPermissions@6c64cb25]" started-at="2021-09-08T18:17:15 PKT" name="verifyEditDefaultPermissionGroup" finished-at="2021-09-08T18:17:31 PKT" duration-ms="15999" status="PASS">
          <reporter-output>
          </reporter-output>
        </test-method> <!-- verifyEditDefaultPermissionGroup -->
        <test-method signature="verifyViewDefaultPermissionGroup()[pri:3, instance:ServerAdministration.ServerPermissions@6c64cb25]" started-at="2021-09-08T18:17:31 PKT" name="verifyViewDefaultPermissionGroup" finished-at="2021-09-08T18:17:47 PKT" duration-ms="16763" status="PASS">
          <reporter-output>
          </reporter-output>
        </test-method> <!-- verifyViewDefaultPermissionGroup -->
        <test-method signature="verifyCopyDefaultPermissionGroup()[pri:4, instance:ServerAdministration.ServerPermissions@6c64cb25]" started-at="2021-09-08T18:17:47 PKT" name="verifyCopyDefaultPermissionGroup" finished-at="2021-09-08T18:18:12 PKT" duration-ms="24714" status="PASS">
          <reporter-output>
          </reporter-output>
        </test-method> <!-- verifyCopyDefaultPermissionGroup -->
        <test-method signature="verifyAllPermissionsexceptFourEyePrinciple()[pri:5, instance:ServerAdministration.ServerPermissions@6c64cb25]" started-at="2021-09-08T18:18:12 PKT" name="verifyAllPermissionsexceptFourEyePrinciple" finished-at="2021-09-08T18:18:31 PKT" duration-ms="18666" status="PASS">
          <reporter-output>
          </reporter-output>
        </test-method> <!-- verifyAllPermissionsexceptFourEyePrinciple -->
        <test-method signature="verifyAddNewPermissionGroupwithDescription()[pri:6, instance:ServerAdministration.ServerPermissions@6c64cb25]" started-at="2021-09-08T18:18:31 PKT" name="verifyAddNewPermissionGroupwithDescription" finished-at="2021-09-08T18:18:49 PKT" duration-ms="17884" status="PASS">
          <reporter-output>
          </reporter-output>
        </test-method> <!-- verifyAddNewPermissionGroupwithDescription -->
        <test-method signature="verifyAddNewPermissionGroup()[pri:7, instance:ServerAdministration.ServerPermissions@6c64cb25]" started-at="2021-09-08T18:18:49 PKT" name="verifyAddNewPermissionGroup" finished-at="2021-09-08T18:19:06 PKT" duration-ms="17658" status="PASS">
          <reporter-output>
          </reporter-output>
        </test-method> <!-- verifyAddNewPermissionGroup -->
        <test-method signature="verifyDeletePermissionGroupotherthanDefaultassignedtoUser()[pri:8, instance:ServerAdministration.ServerPermissions@6c64cb25]" started-at="2021-09-08T18:19:06 PKT" name="verifyDeletePermissionGroupotherthanDefaultassignedtoUser" finished-at="2021-09-08T18:19:27 PKT" duration-ms="20615" status="PASS">
          <reporter-output>
          </reporter-output>
        </test-method> <!-- verifyDeletePermissionGroupotherthanDefaultassignedtoUser -->
        <test-method signature="verifyAddNewPermissionGroupwithoutGroupName()[pri:9, instance:ServerAdministration.ServerPermissions@6c64cb25]" started-at="2021-09-08T18:19:27 PKT" name="verifyAddNewPermissionGroupwithoutGroupName" finished-at="2021-09-08T18:19:46 PKT" duration-ms="18859" status="PASS">
          <reporter-output>
          </reporter-output>
        </test-method> <!-- verifyAddNewPermissionGroupwithoutGroupName -->
        <test-method signature="verifyAddNewPermissionGroupwithSpecialCharacters()[pri:10, instance:ServerAdministration.ServerPermissions@6c64cb25]" started-at="2021-09-08T18:19:46 PKT" name="verifyAddNewPermissionGroupwithSpecialCharacters" finished-at="2021-09-08T18:20:03 PKT" duration-ms="16817" status="PASS">
          <reporter-output>
          </reporter-output>
        </test-method> <!-- verifyAddNewPermissionGroupwithSpecialCharacters -->
        <test-method signature="verifyAddNewPermissionGroupwithLength50()[pri:11, instance:ServerAdministration.ServerPermissions@6c64cb25]" started-at="2021-09-08T18:20:03 PKT" name="verifyAddNewPermissionGroupwithLength50" finished-at="2021-09-08T18:20:21 PKT" duration-ms="18043" status="PASS">
          <reporter-output>
          </reporter-output>
        </test-method> <!-- verifyAddNewPermissionGroupwithLength50 -->
        <test-method signature="verifyAddNewPermissionGroupwithmaxLength()[pri:13, instance:ServerAdministration.ServerPermissions@6c64cb25]" started-at="2021-09-08T18:20:21 PKT" name="verifyAddNewPermissionGroupwithmaxLength" finished-at="2021-09-08T18:20:39 PKT" duration-ms="18685" status="PASS">
          <reporter-output>
          </reporter-output>
        </test-method> <!-- verifyAddNewPermissionGroupwithmaxLength -->
        <test-method signature="verifyDeletePermissionGroup()[pri:14, instance:ServerAdministration.ServerPermissions@6c64cb25]" started-at="2021-09-08T18:20:39 PKT" name="verifyDeletePermissionGroup" finished-at="2021-09-08T18:20:59 PKT" duration-ms="20065" status="PASS">
          <reporter-output>
          </reporter-output>
        </test-method> <!-- verifyDeletePermissionGroup -->
        <test-method signature="verifyPermissionforUserinGroups()[pri:15, instance:ServerAdministration.ServerPermissions@6c64cb25]" started-at="2021-09-08T18:20:59 PKT" name="verifyPermissionforUserinGroups" finished-at="2021-09-08T18:21:20 PKT" duration-ms="20380" status="PASS">
          <reporter-output>
          </reporter-output>
        </test-method> <!-- verifyPermissionforUserinGroups -->
        <test-method signature="verifyEnablePermissioncbEnabledwhenViewUsersnotenabled()[pri:16, instance:ServerAdministration.ServerPermissions@6c64cb25]" started-at="2021-09-08T18:21:20 PKT" name="verifyEnablePermissioncbEnabledwhenViewUsersnotenabled" finished-at="2021-09-08T18:21:41 PKT" duration-ms="20846" status="PASS">
          <reporter-output>
          </reporter-output>
        </test-method> <!-- verifyEnablePermissioncbEnabledwhenViewUsersnotenabled -->
        <test-method signature="verifyPermissionforNodesinGroup()[pri:17, instance:ServerAdministration.ServerPermissions@6c64cb25]" started-at="2021-09-08T18:21:41 PKT" name="verifyPermissionforNodesinGroup" finished-at="2021-09-08T18:22:01 PKT" duration-ms="20270" status="PASS">
          <reporter-output>
          </reporter-output>
        </test-method> <!-- verifyPermissionforNodesinGroup -->
        <test-method signature="verifyPermissionforPacketizerinGroup()[pri:18, instance:ServerAdministration.ServerPermissions@6c64cb25]" started-at="2021-09-08T18:22:01 PKT" name="verifyPermissionforPacketizerinGroup" finished-at="2021-09-08T18:22:19 PKT" duration-ms="17753" status="PASS">
          <reporter-output>
          </reporter-output>
        </test-method> <!-- verifyPermissionforPacketizerinGroup -->
        <test-method signature="verifyPermissionforSIPTrunkinGroup()[pri:19, instance:ServerAdministration.ServerPermissions@6c64cb25]" started-at="2021-09-08T18:22:19 PKT" name="verifyPermissionforSIPTrunkinGroup" finished-at="2021-09-08T18:22:39 PKT" duration-ms="20485" status="PASS">
          <reporter-output>
          </reporter-output>
        </test-method> <!-- verifyPermissionforSIPTrunkinGroup -->
        <test-method signature="verifyPermissionforTrunkinGroup()[pri:20, instance:ServerAdministration.ServerPermissions@6c64cb25]" started-at="2021-09-08T18:22:39 PKT" name="verifyPermissionforTrunkinGroup" finished-at="2021-09-08T18:22:59 PKT" duration-ms="19668" status="PASS">
          <reporter-output>
          </reporter-output>
        </test-method> <!-- verifyPermissionforTrunkinGroup -->
        <test-method signature="verifyPermissionforBoardinGroup()[pri:21, instance:ServerAdministration.ServerPermissions@6c64cb25]" started-at="2021-09-08T18:22:59 PKT" name="verifyPermissionforBoardinGroup" finished-at="2021-09-08T18:23:18 PKT" duration-ms="18849" status="PASS">
          <reporter-output>
          </reporter-output>
        </test-method> <!-- verifyPermissionforBoardinGroup -->
        <test-method signature="verifyPermissionforEquipmentinGroup()[pri:22, instance:ServerAdministration.ServerPermissions@6c64cb25]" started-at="2021-09-08T18:23:18 PKT" name="verifyPermissionforEquipmentinGroup" finished-at="2021-09-08T18:23:38 PKT" duration-ms="19912" status="PASS">
          <reporter-output>
          </reporter-output>
        </test-method> <!-- verifyPermissionforEquipmentinGroup -->
        <test-method signature="verifyPermissionforStorageSettingsinGroup()[pri:23, instance:ServerAdministration.ServerPermissions@6c64cb25]" started-at="2021-09-08T18:23:38 PKT" name="verifyPermissionforStorageSettingsinGroup" finished-at="2021-09-08T18:23:58 PKT" duration-ms="20021" status="PASS">
          <reporter-output>
          </reporter-output>
        </test-method> <!-- verifyPermissionforStorageSettingsinGroup -->
        <test-method signature="verifyPermissionforSysteminGroup()[pri:24, instance:ServerAdministration.ServerPermissions@6c64cb25]" started-at="2021-09-08T18:23:58 PKT" name="verifyPermissionforSysteminGroup" finished-at="2021-09-08T18:24:16 PKT" duration-ms="18783" status="PASS">
          <reporter-output>
          </reporter-output>
        </test-method> <!-- verifyPermissionforSysteminGroup -->
        <test-method signature="verifyPermissionforTracesinGroup()[pri:25, instance:ServerAdministration.ServerPermissions@6c64cb25]" started-at="2021-09-08T18:24:16 PKT" name="verifyPermissionforTracesinGroup" finished-at="2021-09-08T18:24:37 PKT" duration-ms="20408" status="PASS">
          <reporter-output>
          </reporter-output>
        </test-method> <!-- verifyPermissionforTracesinGroup -->
        <test-method signature="verifyPermissionforEmailTemplateinGroup()[pri:26, instance:ServerAdministration.ServerPermissions@6c64cb25]" started-at="2021-09-08T18:24:37 PKT" name="verifyPermissionforEmailTemplateinGroup" finished-at="2021-09-08T18:24:58 PKT" duration-ms="21068" status="PASS">
          <reporter-output>
          </reporter-output>
        </test-method> <!-- verifyPermissionforEmailTemplateinGroup -->
        <test-method signature="verifyPermissionforServerIncidentsinGroup()[pri:27, instance:ServerAdministration.ServerPermissions@6c64cb25]" started-at="2021-09-08T18:24:58 PKT" name="verifyPermissionforServerIncidentsinGroup" finished-at="2021-09-08T18:25:17 PKT" duration-ms="19639" status="PASS">
          <reporter-output>
          </reporter-output>
        </test-method> <!-- verifyPermissionforServerIncidentsinGroup -->
        <test-method signature="verifyPermissionforBranchinGroup()[pri:28, instance:ServerAdministration.ServerPermissions@6c64cb25]" started-at="2021-09-08T18:25:17 PKT" name="verifyPermissionforBranchinGroup" finished-at="2021-09-08T18:25:38 PKT" duration-ms="20532" status="PASS">
          <reporter-output>
          </reporter-output>
        </test-method> <!-- verifyPermissionforBranchinGroup -->
        <test-method signature="verifyViewServerPermissionAgainstPage()[pri:29, instance:ServerAdministration.ServerPermissions@6c64cb25]" started-at="2021-09-08T18:25:38 PKT" name="verifyViewServerPermissionAgainstPage" finished-at="2021-09-08T18:25:58 PKT" duration-ms="19939" status="PASS">
          <reporter-output>
          </reporter-output>
        </test-method> <!-- verifyViewServerPermissionAgainstPage -->
        <test-method signature="verifyViewServerPermissiondisabled()[pri:29, instance:ServerAdministration.ServerPermissions@6c64cb25]" started-at="2021-09-08T18:25:58 PKT" name="verifyViewServerPermissiondisabled" finished-at="2021-09-08T18:26:20 PKT" duration-ms="21608" status="PASS">
          <reporter-output>
          </reporter-output>
        </test-method> <!-- verifyViewServerPermissiondisabled -->
        <test-method signature="ClearPermissionsAfterTest()[pri:30, instance:ServerAdministration.ServerPermissions@6c64cb25]" started-at="2021-09-08T18:26:20 PKT" name="ClearPermissionsAfterTest" finished-at="2021-09-08T18:26:37 PKT" duration-ms="17659" status="FAIL">
          <exception class="org.openqa.selenium.ElementClickInterceptedException">
            <message>
              <![CDATA[Element <a id="ctl00_ctrl_LeftMenuCloud1_hlnkPermissions" href="PermissionRole.aspx"> is not clickable at point (104,276) because another element <div id="Clientloading" class="LoadingClass"> obscures it
Build info: version: '4.0.0-beta-3', revision: '5d108f9a67'
System info: host: 'DESKTOP-RTH7PMT', ip: '172.20.12.26', os.name: 'Windows 10', os.arch: 'amd64', os.version: '10.0', java.version: '16.0.2'
Driver info: org.openqa.selenium.firefox.FirefoxDriver
Command: [d961833e-b694-4a23-b6b2-ec02b7430323, clickElement {id=9bf6293f-85c6-483b-8083-f711165182ac}]
Capabilities {acceptInsecureCerts: true, browserName: firefox, browserVersion: 91.0.2, javascriptEnabled: true, moz:accessibilityChecks: false, moz:buildID: 20210823123856, moz:debuggerAddress: localhost:55788, moz:geckodriverVersion: 0.29.1, moz:headless: false, moz:processID: 12984, moz:profile: C:\Users\Administrator\AppD..., moz:shutdownTimeout: 60000, moz:useNonSpecCompliantPointerOrigin: false, moz:webdriverClick: true, pageLoadStrategy: normal, platform: WINDOWS, platformName: WINDOWS, platformVersion: 10.0, proxy: Proxy(), se:cdp: ws://localhost:55788/devtoo..., se:cdpVersion: 85, setWindowRect: true, strictFileInteractability: false, timeouts: {implicit: 0, pageLoad: 300000, script: 30000}, unhandledPromptBehavior: dismiss and notify}
Element: [[FirefoxDriver: firefox on WINDOWS (d961833e-b694-4a23-b6b2-ec02b7430323)] -> id: ctl00_ctrl_LeftMenuCloud1_hlnkPermissions]
Session ID: d961833e-b694-4a23-b6b2-ec02b7430323]]>
            </message>
            <full-stacktrace>
              <![CDATA[org.openqa.selenium.ElementClickInterceptedException: Element <a id="ctl00_ctrl_LeftMenuCloud1_hlnkPermissions" href="PermissionRole.aspx"> is not clickable at point (104,276) because another element <div id="Clientloading" class="LoadingClass"> obscures it
Build info: version: '4.0.0-beta-3', revision: '5d108f9a67'
System info: host: 'DESKTOP-RTH7PMT', ip: '172.20.12.26', os.name: 'Windows 10', os.arch: 'amd64', os.version: '10.0', java.version: '16.0.2'
Driver info: org.openqa.selenium.firefox.FirefoxDriver
Command: [d961833e-b694-4a23-b6b2-ec02b7430323, clickElement {id=9bf6293f-85c6-483b-8083-f711165182ac}]
Capabilities {acceptInsecureCerts: true, browserName: firefox, browserVersion: 91.0.2, javascriptEnabled: true, moz:accessibilityChecks: false, moz:buildID: 20210823123856, moz:debuggerAddress: localhost:55788, moz:geckodriverVersion: 0.29.1, moz:headless: false, moz:processID: 12984, moz:profile: C:\Users\Administrator\AppD..., moz:shutdownTimeout: 60000, moz:useNonSpecCompliantPointerOrigin: false, moz:webdriverClick: true, pageLoadStrategy: normal, platform: WINDOWS, platformName: WINDOWS, platformVersion: 10.0, proxy: Proxy(), se:cdp: ws://localhost:55788/devtoo..., se:cdpVersion: 85, setWindowRect: true, strictFileInteractability: false, timeouts: {implicit: 0, pageLoad: 300000, script: 30000}, unhandledPromptBehavior: dismiss and notify}
Element: [[FirefoxDriver: firefox on WINDOWS (d961833e-b694-4a23-b6b2-ec02b7430323)] -> id: ctl00_ctrl_LeftMenuCloud1_hlnkPermissions]
Session ID: d961833e-b694-4a23-b6b2-ec02b7430323
at java.base/jdk.internal.reflect.NativeConstructorAccessorImpl.newInstance0(Native Method)
at java.base/jdk.internal.reflect.NativeConstructorAccessorImpl.newInstance(NativeConstructorAccessorImpl.java:78)
at java.base/jdk.internal.reflect.DelegatingConstructorAccessorImpl.newInstance(DelegatingConstructorAccessorImpl.java:45)
at java.base/java.lang.reflect.Constructor.newInstanceWithCaller(Constructor.java:499)
at java.base/java.lang.reflect.Constructor.newInstance(Constructor.java:480)
at org.openqa.selenium.remote.codec.w3c.W3CHttpResponseCodec.createException(W3CHttpResponseCodec.java:198)
at org.openqa.selenium.remote.codec.w3c.W3CHttpResponseCodec.decode(W3CHttpResponseCodec.java:131)
at org.openqa.selenium.remote.codec.w3c.W3CHttpResponseCodec.decode(W3CHttpResponseCodec.java:52)
at org.openqa.selenium.remote.HttpCommandExecutor.execute(HttpCommandExecutor.java:184)
at org.openqa.selenium.remote.service.DriverCommandExecutor.invokeExecute(DriverCommandExecutor.java:153)
at org.openqa.selenium.remote.service.DriverCommandExecutor.execute(DriverCommandExecutor.java:128)
at org.openqa.selenium.remote.RemoteWebDriver.execute(RemoteWebDriver.java:619)
at org.openqa.selenium.remote.RemoteWebElement.execute(RemoteWebElement.java:237)
at org.openqa.selenium.remote.RemoteWebElement.click(RemoteWebElement.java:75)
at ServerAdministration.ServerPermissions.ClearPermissionsAfterTest(ServerPermissions.java:2457)
at java.base/jdk.internal.reflect.NativeMethodAccessorImpl.invoke0(Native Method)
at java.base/jdk.internal.reflect.NativeMethodAccessorImpl.invoke(NativeMethodAccessorImpl.java:78)
at java.base/jdk.internal.reflect.DelegatingMethodAccessorImpl.invoke(DelegatingMethodAccessorImpl.java:43)
at java.base/java.lang.reflect.Method.invoke(Method.java:567)
at org.testng.internal.MethodInvocationHelper.invokeMethod(MethodInvocationHelper.java:133)
at org.testng.internal.TestInvoker.invokeMethod(TestInvoker.java:598)
at org.testng.internal.TestInvoker.invokeTestMethod(TestInvoker.java:173)
at org.testng.internal.MethodRunner.runInSequence(MethodRunner.java:46)
at org.testng.internal.TestInvoker$MethodInvocationAgent.invoke(TestInvoker.java:824)
at org.testng.internal.TestInvoker.invokeTestMethods(TestInvoker.java:146)
at org.testng.internal.TestMethodWorker.invokeTestMethods(TestMethodWorker.java:146)
at org.testng.internal.TestMethodWorker.run(TestMethodWorker.java:128)
at java.base/java.util.ArrayList.forEach(ArrayList.java:1511)
at org.testng.TestRunner.privateRun(TestRunner.java:794)
at org.testng.TestRunner.run(TestRunner.java:596)
at org.testng.SuiteRunner.runTest(SuiteRunner.java:377)
at org.testng.SuiteRunner.runSequentially(SuiteRunner.java:371)
at org.testng.SuiteRunner.privateRun(SuiteRunner.java:332)
at org.testng.SuiteRunner.run(SuiteRunner.java:276)
at org.testng.SuiteRunnerWorker.runSuite(SuiteRunnerWorker.java:53)
at org.testng.SuiteRunnerWorker.run(SuiteRunnerWorker.java:96)
at org.testng.TestNG.runSuitesSequentially(TestNG.java:1212)
at org.testng.TestNG.runSuitesLocally(TestNG.java:1134)
at org.testng.TestNG.runSuites(TestNG.java:1063)
at org.testng.TestNG.run(TestNG.java:1031)
at org.testng.remote.AbstractRemoteTestNG.run(AbstractRemoteTestNG.java:115)
at org.testng.remote.RemoteTestNG.initAndRun(RemoteTestNG.java:251)
at org.testng.remote.RemoteTestNG.main(RemoteTestNG.java:77)
]]>
            </full-stacktrace>
          </exception> <!-- org.openqa.selenium.ElementClickInterceptedException -->
          <reporter-output>
          </reporter-output>
        </test-method> <!-- ClearPermissionsAfterTest -->
        <test-method is-config="true" signature="afterClass()[pri:0, instance:ServerAdministration.ServerPermissions@6c64cb25]" started-at="2021-09-08T18:26:37 PKT" name="afterClass" finished-at="2021-09-08T18:26:48 PKT" duration-ms="11231" status="PASS">
          <reporter-output>
          </reporter-output>
        </test-method> <!-- afterClass -->
      </class> <!-- ServerAdministration.ServerPermissions -->
    </test> <!-- Default test -->
  </suite> <!-- Default suite -->
</testng-results>
