<?xml version="1.0" encoding="UTF-8"?>
<testng-results ignored="0" total="1" passed="1" failed="0" skipped="0">
  <reporter-output>
  </reporter-output>
  <suite started-at="2021-08-31T09:40:12Z" name="Default suite" finished-at="2021-08-31T09:40:12Z" duration-ms="42">
    <groups>
    </groups>
    <test started-at="2021-08-31T09:40:12Z" name="Default test" finished-at="2021-08-31T09:40:12Z" duration-ms="42">
      <class name="ServerAdministration.Server">
        <test-method signature="f()[pri:0, instance:ServerAdministration.Server@647fd8ce]" started-at="2021-08-31T09:40:12Z" name="f" finished-at="2021-08-31T09:40:12Z" duration-ms="14" status="PASS">
          <reporter-output>
          </reporter-output>
        </test-method> <!-- f -->
      </class> <!-- ServerAdministration.Server -->
    </test> <!-- Default test -->
  </suite> <!-- Default suite -->
</testng-results>
