<?xml version="1.0" encoding="UTF-8"?>
<testng-results ignored="0" total="1" passed="1" failed="0" skipped="0">
  <reporter-output>
  </reporter-output>
  <suite started-at="2021-10-15T16:53:13 PKT" name="Default suite" finished-at="2021-10-15T16:53:39 PKT" duration-ms="26170">
    <groups>
    </groups>
    <test started-at="2021-10-15T16:53:13 PKT" name="Default test" finished-at="2021-10-15T16:53:39 PKT" duration-ms="26170">
      <class name="ServerAdministration.NewTestPage">
        <test-method is-config="true" signature="beforeTest()[pri:0, instance:ServerAdministration.NewTestPage@6c64cb25]" started-at="2021-10-15T16:53:13 PKT" name="beforeTest" finished-at="2021-10-15T16:53:23 PKT" duration-ms="9967" status="PASS">
          <reporter-output>
          </reporter-output>
        </test-method> <!-- beforeTest -->
        <test-method signature="VerificationOfAddAgentButton()[pri:0, instance:ServerAdministration.NewTestPage@6c64cb25]" started-at="2021-10-15T16:53:23 PKT" name="VerificationOfAddAgentButton" finished-at="2021-10-15T16:53:36 PKT" duration-ms="13568" status="PASS">
          <reporter-output>
          </reporter-output>
        </test-method> <!-- VerificationOfAddAgentButton -->
        <test-method is-config="true" signature="afterTest()[pri:0, instance:ServerAdministration.NewTestPage@6c64cb25]" started-at="2021-10-15T16:53:36 PKT" name="afterTest" finished-at="2021-10-15T16:53:39 PKT" duration-ms="2547" status="PASS">
          <reporter-output>
          </reporter-output>
        </test-method> <!-- afterTest -->
      </class> <!-- ServerAdministration.NewTestPage -->
    </test> <!-- Default test -->
  </suite> <!-- Default suite -->
</testng-results>
