<?xml version="1.0" encoding="UTF-8"?>
<!-- Generated by org.testng.reporters.JUnitXMLReporter -->
<testsuite ignored="30" hostname="DESKTOP-RTH7PMT" failures="1" tests="1" name="Test" time="37.0" errors="0" timestamp="2021-09-08T11:31:23 PKT">
  <testcase classname="ServerAdministration.ServerPermissions" name="ClearPermissionsAfterTest" time="16.497">
    <failure type="org.openqa.selenium.ElementClickInterceptedException" message="Element &amp;lt;img class=&amp;quot;Delete cursor_hand&amp;quot; src=&amp;quot;Images/delete.png&amp;quot;&amp;gt; is not clickable at point (1375,608) because another element &amp;lt;div id=&amp;quot;Clientloading&amp;quot; class=&amp;quot;LoadingClass&amp;quot;&amp;gt; obscures it
Build info: version: &amp;apos;4.0.0-beta-3&amp;apos;, revision: &amp;apos;5d108f9a67&amp;apos;
System info: host: &amp;apos;DESKTOP-RTH7PMT&amp;apos;, ip: &amp;apos;172.20.12.26&amp;apos;, os.name: &amp;apos;Windows 10&amp;apos;, os.arch: &amp;apos;amd64&amp;apos;, os.version: &amp;apos;10.0&amp;apos;, java.version: &amp;apos;16.0.2&amp;apos;
Driver info: org.openqa.selenium.firefox.FirefoxDriver
Command: [b2cb8196-8fc8-4945-b828-e28ef39a8633, clickElement {id=1f1c5743-2d9d-477d-8dd1-08613b46a76e}]
Capabilities {acceptInsecureCerts: true, browserName: firefox, browserVersion: 91.0.2, javascriptEnabled: true, moz:accessibilityChecks: false, moz:buildID: 20210823123856, moz:debuggerAddress: localhost:59309, moz:geckodriverVersion: 0.29.1, moz:headless: false, moz:processID: 2916, moz:profile: C:\Users\Administrator\AppD..., moz:shutdownTimeout: 60000, moz:useNonSpecCompliantPointerOrigin: false, moz:webdriverClick: true, pageLoadStrategy: normal, platform: WINDOWS, platformName: WINDOWS, platformVersion: 10.0, proxy: Proxy(), se:cdp: ws://localhost:59309/devtoo..., se:cdpVersion: 85, setWindowRect: true, strictFileInteractability: false, timeouts: {implicit: 0, pageLoad: 300000, script: 30000}, unhandledPromptBehavior: dismiss and notify}
Element: [[FirefoxDriver: firefox on WINDOWS (b2cb8196-8fc8-4945-b828-e28ef39a8633)] -&amp;gt; xpath: //*[@id=&amp;quot;gvGroups&amp;quot;]/tbody/tr[2]/td[3]/div/img[4]]
Session ID: b2cb8196-8fc8-4945-b828-e28ef39a8633">
      <![CDATA[org.openqa.selenium.ElementClickInterceptedException: Element <img class="Delete cursor_hand" src="Images/delete.png"> is not clickable at point (1375,608) because another element <div id="Clientloading" class="LoadingClass"> obscures it
Build info: version: '4.0.0-beta-3', revision: '5d108f9a67'
System info: host: 'DESKTOP-RTH7PMT', ip: '172.20.12.26', os.name: 'Windows 10', os.arch: 'amd64', os.version: '10.0', java.version: '16.0.2'
Driver info: org.openqa.selenium.firefox.FirefoxDriver
Command: [b2cb8196-8fc8-4945-b828-e28ef39a8633, clickElement {id=1f1c5743-2d9d-477d-8dd1-08613b46a76e}]
Capabilities {acceptInsecureCerts: true, browserName: firefox, browserVersion: 91.0.2, javascriptEnabled: true, moz:accessibilityChecks: false, moz:buildID: 20210823123856, moz:debuggerAddress: localhost:59309, moz:geckodriverVersion: 0.29.1, moz:headless: false, moz:processID: 2916, moz:profile: C:\Users\Administrator\AppD..., moz:shutdownTimeout: 60000, moz:useNonSpecCompliantPointerOrigin: false, moz:webdriverClick: true, pageLoadStrategy: normal, platform: WINDOWS, platformName: WINDOWS, platformVersion: 10.0, proxy: Proxy(), se:cdp: ws://localhost:59309/devtoo..., se:cdpVersion: 85, setWindowRect: true, strictFileInteractability: false, timeouts: {implicit: 0, pageLoad: 300000, script: 30000}, unhandledPromptBehavior: dismiss and notify}
Element: [[FirefoxDriver: firefox on WINDOWS (b2cb8196-8fc8-4945-b828-e28ef39a8633)] -> xpath: //*[@id="gvGroups"]/tbody/tr[2]/td[3]/div/img[4]]
Session ID: b2cb8196-8fc8-4945-b828-e28ef39a8633
at org.openqa.selenium.remote.codec.w3c.W3CHttpResponseCodec.createException(W3CHttpResponseCodec.java:198)
at org.openqa.selenium.remote.codec.w3c.W3CHttpResponseCodec.decode(W3CHttpResponseCodec.java:131)
at org.openqa.selenium.remote.codec.w3c.W3CHttpResponseCodec.decode(W3CHttpResponseCodec.java:52)
at org.openqa.selenium.remote.HttpCommandExecutor.execute(HttpCommandExecutor.java:184)
at org.openqa.selenium.remote.service.DriverCommandExecutor.invokeExecute(DriverCommandExecutor.java:153)
at org.openqa.selenium.remote.service.DriverCommandExecutor.execute(DriverCommandExecutor.java:128)
at org.openqa.selenium.remote.RemoteWebDriver.execute(RemoteWebDriver.java:619)
at org.openqa.selenium.remote.RemoteWebElement.execute(RemoteWebElement.java:237)
at org.openqa.selenium.remote.RemoteWebElement.click(RemoteWebElement.java:75)
at ServerAdministration.ServerPermissions.ClearPermissionsAfterTest(ServerPermissions.java:2470)
at java.base/java.util.ArrayList.forEach(ArrayList.java:1511)
... Removed 32 stack frames]]>
    </failure>
  </testcase> <!-- ClearPermissionsAfterTest -->
  <testcase classname="ServerAdministration.ServerPermissions" name="verifyViewDefaultPermissionGroup" time="0.0">
    <ignored/>
  </testcase> <!-- verifyViewDefaultPermissionGroup -->
  <testcase classname="ServerAdministration.ServerPermissions" name="verifyViewServerPermissionAgainstPage" time="0.0">
    <ignored/>
  </testcase> <!-- verifyViewServerPermissionAgainstPage -->
  <testcase classname="ServerAdministration.ServerPermissions" name="verifyAddNewPermissionGroup" time="0.0">
    <ignored/>
  </testcase> <!-- verifyAddNewPermissionGroup -->
  <testcase classname="ServerAdministration.ServerPermissions" name="verifyAddNewPermissionGroupwithoutGroupName" time="0.0">
    <ignored/>
  </testcase> <!-- verifyAddNewPermissionGroupwithoutGroupName -->
  <testcase classname="ServerAdministration.ServerPermissions" name="verifyPermissionforEquipmentinGroup" time="0.0">
    <ignored/>
  </testcase> <!-- verifyPermissionforEquipmentinGroup -->
  <testcase classname="ServerAdministration.ServerPermissions" name="verifyDeletePermissionGroup" time="0.0">
    <ignored/>
  </testcase> <!-- verifyDeletePermissionGroup -->
  <testcase classname="ServerAdministration.ServerPermissions" name="verifyAddNewPermissionGroupwithLength50" time="0.0">
    <ignored/>
  </testcase> <!-- verifyAddNewPermissionGroupwithLength50 -->
  <testcase classname="ServerAdministration.ServerPermissions" name="verifyPermissionforUserinGroups" time="0.0">
    <ignored/>
  </testcase> <!-- verifyPermissionforUserinGroups -->
  <testcase classname="ServerAdministration.ServerPermissions" name="verifyPermissionforBranchinGroup" time="0.0">
    <ignored/>
  </testcase> <!-- verifyPermissionforBranchinGroup -->
  <testcase classname="ServerAdministration.ServerPermissions" name="verifyViewServerPermissiondisabled" time="0.0">
    <ignored/>
  </testcase> <!-- verifyViewServerPermissiondisabled -->
  <testcase classname="ServerAdministration.ServerPermissions" name="verifyPermissionforEmailTemplateinGroup" time="0.0">
    <ignored/>
  </testcase> <!-- verifyPermissionforEmailTemplateinGroup -->
  <testcase classname="ServerAdministration.ServerPermissions" name="verifyEnablePermissioncbEnabledwhenViewUsersnotenabled" time="0.0">
    <ignored/>
  </testcase> <!-- verifyEnablePermissioncbEnabledwhenViewUsersnotenabled -->
  <testcase classname="ServerAdministration.ServerPermissions" name="verifyPermissionforSIPTrunkinGroup" time="0.0">
    <ignored/>
  </testcase> <!-- verifyPermissionforSIPTrunkinGroup -->
  <testcase classname="ServerAdministration.ServerPermissions" name="verifyPermissionforTrunkinGroup" time="0.0">
    <ignored/>
  </testcase> <!-- verifyPermissionforTrunkinGroup -->
  <testcase classname="ServerAdministration.ServerPermissions" name="verifyAddNewPermissionGroupwithmaxLength" time="0.0">
    <ignored/>
  </testcase> <!-- verifyAddNewPermissionGroupwithmaxLength -->
  <testcase classname="ServerAdministration.ServerPermissions" name="verifyDeleteDefaultPermissionGroup" time="0.0">
    <ignored/>
  </testcase> <!-- verifyDeleteDefaultPermissionGroup -->
  <testcase classname="ServerAdministration.ServerPermissions" name="verifyDeletePermissionGroupotherthanDefaultassignedtoUser" time="0.0">
    <ignored/>
  </testcase> <!-- verifyDeletePermissionGroupotherthanDefaultassignedtoUser -->
  <testcase classname="ServerAdministration.ServerPermissions" name="verifyEditDefaultPermissionGroup" time="0.0">
    <ignored/>
  </testcase> <!-- verifyEditDefaultPermissionGroup -->
  <testcase classname="ServerAdministration.ServerPermissions" name="verifyAllPermissionsexceptFourEyePrinciple" time="0.0">
    <ignored/>
  </testcase> <!-- verifyAllPermissionsexceptFourEyePrinciple -->
  <testcase classname="ServerAdministration.ServerPermissions" name="verifyCopyDefaultPermissionGroup" time="0.0">
    <ignored/>
  </testcase> <!-- verifyCopyDefaultPermissionGroup -->
  <testcase classname="ServerAdministration.ServerPermissions" name="verifyPermissionforStorageSettingsinGroup" time="0.0">
    <ignored/>
  </testcase> <!-- verifyPermissionforStorageSettingsinGroup -->
  <testcase classname="ServerAdministration.ServerPermissions" name="verifyPermissionforPacketizerinGroup" time="0.0">
    <ignored/>
  </testcase> <!-- verifyPermissionforPacketizerinGroup -->
  <testcase classname="ServerAdministration.ServerPermissions" name="verifyDefaultPermissionGroup" time="0.0">
    <ignored/>
  </testcase> <!-- verifyDefaultPermissionGroup -->
  <testcase classname="ServerAdministration.ServerPermissions" name="verifyPermissionforBoardinGroup" time="0.0">
    <ignored/>
  </testcase> <!-- verifyPermissionforBoardinGroup -->
  <testcase classname="ServerAdministration.ServerPermissions" name="verifyPermissionforServerIncidentsinGroup" time="0.0">
    <ignored/>
  </testcase> <!-- verifyPermissionforServerIncidentsinGroup -->
  <testcase classname="ServerAdministration.ServerPermissions" name="verifyPermissionforNodesinGroup" time="0.0">
    <ignored/>
  </testcase> <!-- verifyPermissionforNodesinGroup -->
  <testcase classname="ServerAdministration.ServerPermissions" name="verifyAddNewPermissionGroupwithDescription" time="0.0">
    <ignored/>
  </testcase> <!-- verifyAddNewPermissionGroupwithDescription -->
  <testcase classname="ServerAdministration.ServerPermissions" name="verifyPermissionforSysteminGroup" time="0.0">
    <ignored/>
  </testcase> <!-- verifyPermissionforSysteminGroup -->
  <testcase classname="ServerAdministration.ServerPermissions" name="verifyAddNewPermissionGroupwithSpecialCharacters" time="0.0">
    <ignored/>
  </testcase> <!-- verifyAddNewPermissionGroupwithSpecialCharacters -->
  <testcase classname="ServerAdministration.ServerPermissions" name="verifyPermissionforTracesinGroup" time="0.0">
    <ignored/>
  </testcase> <!-- verifyPermissionforTracesinGroup -->
</testsuite> <!-- Test -->
